<?xml version="1.0" encoding="UTF-8"?>
<!-- Generated by org.testng.reporters.JUnitXMLReporter -->
<testsuite ignored="2" hostname="myLearnovo5" failures="1" tests="1" name="ErrorValidationsTest" time="0.022" errors="0" timestamp="25 Jun 2024 15:40:02 GMT">
  <testcase classname="bobchos.bar.Test.ErrorValidationTest" name="assertQuantityFieldError" time="0.006">
    <failure type="java.lang.NullPointerException" message="Cannot invoke &amp;quot;bobchos.bar.pageobjects.LandingPage.clickPurchase()&amp;quot; because &amp;quot;this.landingpage&amp;quot; is null">
      <![CDATA[java.lang.NullPointerException: Cannot invoke "bobchos.bar.pageobjects.LandingPage.clickPurchase()" because "this.landingpage" is null
at bobchos.bar.Test.ErrorValidationTest.assertQuantityFieldError(ErrorValidationTest.java:35)
... Removed 25 stack frames]]>
    </failure>
  </testcase> <!-- assertQuantityFieldError -->
  <testcase classname="bobchos.bar.Test.ErrorValidationTest" name="invalidEmailInput" time="0.0">
    <ignored/>
  </testcase> <!-- invalidEmailInput -->
  <testcase classname="bobchos.bar.Test.ErrorValidationTest" name="checkQuantityNegative" time="0.0">
    <ignored/>
  </testcase> <!-- checkQuantityNegative -->
</testsuite> <!-- ErrorValidationsTest -->
